<?xml version="1.0" encoding="UTF-8"?>
<testsuite name="com.example.securingweb.SecuringWebApplicationTests" tests="1" skipped="0" failures="0" errors="0" timestamp="2023-07-05T14:31:06" hostname="Stephanies-MacBook-Pro.local" time="0.668">
  <properties/>
  <testcase name="contextLoads()" classname="com.example.securingweb.SecuringWebApplicationTests" time="0.668"/>
  <system-out><![CDATA[16:31:05.006 [Test worker] INFO org.springframework.test.context.support.AnnotationConfigContextLoaderUtils -- Could not detect default configuration classes for test class [com.example.securingweb.SecuringWebApplicationTests]: SecuringWebApplicationTests does not declare any static, non-private, non-final, nested classes annotated with @Configuration.
16:31:05.078 [Test worker] INFO org.springframework.boot.test.context.SpringBootTestContextBootstrapper -- Found @SpringBootConfiguration com.example.securingweb.SecuringWebApplication for test class com.example.securingweb.SecuringWebApplicationTests

  .   ____          _            __ _ _
 /\\ / ___'_ __ _ _(_)_ __  __ _ \ \ \ \
( ( )\___ | '_ | '_| | '_ \/ _` | \ \ \ \
 \\/  ___)| |_)| | | | | || (_| |  ) ) ) )
  '  |____| .__|_| |_|_| |_\__, | / / / /
 =========|_|==============|___/=/_/_/_/
 :: Spring Boot ::                (v3.1.1)

2023-07-05T16:31:05.332+02:00  INFO 65712 --- [    Test worker] c.e.s.SecuringWebApplicationTests        : Starting SecuringWebApplicationTests using Java 20.0.1 with PID 65712 (started by stephaniedinu in /Users/stephaniedinu/IdeaProjects/swd-spring-boot-app)
2023-07-05T16:31:05.333+02:00  INFO 65712 --- [    Test worker] c.e.s.SecuringWebApplicationTests        : No active profile set, falling back to 1 default profile: "default"
2023-07-05T16:31:05.850+02:00  WARN 65712 --- [    Test worker] o.s.security.core.userdetails.User       : User.withDefaultPasswordEncoder() is considered unsafe for production and is only intended for sample applications.
2023-07-05T16:31:06.092+02:00  INFO 65712 --- [    Test worker] o.s.s.web.DefaultSecurityFilterChain     : Will secure any request with [org.springframework.security.web.session.DisableEncodeUrlFilter@76e3b45b, org.springframework.security.web.context.request.async.WebAsyncManagerIntegrationFilter@10b4e7f8, org.springframework.security.web.context.SecurityContextHolderFilter@25a7fedf, org.springframework.security.web.header.HeaderWriterFilter@f29353f, org.springframework.security.web.csrf.CsrfFilter@77c1e611, org.springframework.security.web.authentication.logout.LogoutFilter@7e62cfa3, org.springframework.security.web.authentication.UsernamePasswordAuthenticationFilter@5792c08c, org.springframework.security.web.savedrequest.RequestCacheAwareFilter@1b9d9a2b, org.springframework.security.web.servletapi.SecurityContextHolderAwareRequestFilter@ed2f2f6, org.springframework.security.web.authentication.AnonymousAuthenticationFilter@75023c53, org.springframework.security.web.access.ExceptionTranslationFilter@36aab105, org.springframework.security.web.access.intercept.AuthorizationFilter@ebda593]
2023-07-05T16:31:06.264+02:00  INFO 65712 --- [    Test worker] c.e.s.SecuringWebApplicationTests        : Started SecuringWebApplicationTests in 1.085 seconds (process running for 1.842)
]]></system-out>
  <system-err><![CDATA[]]></system-err>
</testsuite>
