<?xml version="1.0" encoding="UTF-8"?>
<testsuite name="com.example.securingweb.SecuringWebApplicationTests" tests="1" skipped="0" failures="0" errors="0" timestamp="2023-07-04T14:29:03" hostname="Stephanies-MacBook-Pro.local" time="0.669">
  <properties/>
  <testcase name="contextLoads()" classname="com.example.securingweb.SecuringWebApplicationTests" time="0.669"/>
  <system-out><![CDATA[16:29:02.185 [Test worker] INFO org.springframework.test.context.support.AnnotationConfigContextLoaderUtils -- Could not detect default configuration classes for test class [com.example.securingweb.SecuringWebApplicationTests]: SecuringWebApplicationTests does not declare any static, non-private, non-final, nested classes annotated with @Configuration.
16:29:02.281 [Test worker] INFO org.springframework.boot.test.context.SpringBootTestContextBootstrapper -- Found @SpringBootConfiguration com.example.securingweb.SecuringWebApplication for test class com.example.securingweb.SecuringWebApplicationTests

  .   ____          _            __ _ _
 /\\ / ___'_ __ _ _(_)_ __  __ _ \ \ \ \
( ( )\___ | '_ | '_| | '_ \/ _` | \ \ \ \
 \\/  ___)| |_)| | | | | || (_| |  ) ) ) )
  '  |____| .__|_| |_|_| |_\__, | / / / /
 =========|_|==============|___/=/_/_/_/
 :: Spring Boot ::                (v3.1.1)

2023-07-04T16:29:02.584+02:00  INFO 59958 --- [    Test worker] c.e.s.SecuringWebApplicationTests        : Starting SecuringWebApplicationTests using Java 20.0.1 with PID 59958 (started by stephaniedinu in /Users/stephaniedinu/IdeaProjects/swd-spring-boot-app)
2023-07-04T16:29:02.585+02:00  INFO 59958 --- [    Test worker] c.e.s.SecuringWebApplicationTests        : No active profile set, falling back to 1 default profile: "default"
2023-07-04T16:29:03.165+02:00  WARN 59958 --- [    Test worker] o.s.security.core.userdetails.User       : User.withDefaultPasswordEncoder() is considered unsafe for production and is only intended for sample applications.
2023-07-04T16:29:03.416+02:00  INFO 59958 --- [    Test worker] o.s.s.web.DefaultSecurityFilterChain     : Will secure any request with [org.springframework.security.web.session.DisableEncodeUrlFilter@5cf8676a, org.springframework.security.web.context.request.async.WebAsyncManagerIntegrationFilter@47f04e4d, org.springframework.security.web.context.SecurityContextHolderFilter@23da79eb, org.springframework.security.web.header.HeaderWriterFilter@4a8ffd75, org.springframework.security.web.csrf.CsrfFilter@5dcd0cdf, org.springframework.security.web.authentication.logout.LogoutFilter@66813e6e, org.springframework.security.web.authentication.UsernamePasswordAuthenticationFilter@5ba03c82, org.springframework.security.web.savedrequest.RequestCacheAwareFilter@3e05586b, org.springframework.security.web.servletapi.SecurityContextHolderAwareRequestFilter@1da4b3f9, org.springframework.security.web.authentication.AnonymousAuthenticationFilter@3520963d, org.springframework.security.web.access.ExceptionTranslationFilter@33eb6758, org.springframework.security.web.access.intercept.AuthorizationFilter@6723610b]
2023-07-04T16:29:03.622+02:00  INFO 59958 --- [    Test worker] c.e.s.SecuringWebApplicationTests        : Started SecuringWebApplicationTests in 1.213 seconds (process running for 2.063)
]]></system-out>
  <system-err><![CDATA[]]></system-err>
</testsuite>
